c:\users\paolo grignaffini\documents\visual studio 2015\projects\create_marker\create_marker\x64\debug\blockdetection.pch
c:\users\paolo grignaffini\documents\visual studio 2015\projects\create_marker\create_marker\x64\debug\vc141.pdb
c:\users\paolo grignaffini\documents\visual studio 2015\projects\create_marker\create_marker\x64\debug\vc141.idb
c:\users\paolo grignaffini\documents\visual studio 2015\projects\create_marker\create_marker\x64\debug\stdafx.obj
c:\users\paolo grignaffini\documents\visual studio 2015\projects\create_marker\create_marker\x64\debug\variable.obj
c:\users\paolo grignaffini\documents\visual studio 2015\projects\create_marker\create_marker\x64\debug\trainedblockstracking.obj
c:\users\paolo grignaffini\documents\visual studio 2015\projects\create_marker\create_marker\x64\debug\trainedblocks.obj
c:\users\paolo grignaffini\documents\visual studio 2015\projects\create_marker\create_marker\x64\debug\trainedblock.obj
c:\users\paolo grignaffini\documents\visual studio 2015\projects\create_marker\create_marker\x64\debug\tracker.obj
c:\users\paolo grignaffini\documents\visual studio 2015\projects\create_marker\create_marker\x64\debug\soundmanager.obj
c:\users\paolo grignaffini\documents\visual studio 2015\projects\create_marker\create_marker\x64\debug\shapedetector.obj
c:\users\paolo grignaffini\documents\visual studio 2015\projects\create_marker\create_marker\x64\debug\note.obj
c:\users\paolo grignaffini\documents\visual studio 2015\projects\create_marker\create_marker\x64\debug\calibration.obj
c:\users\paolo grignaffini\documents\visual studio 2015\projects\create_marker\create_marker\x64\debug\markerdetector.obj
c:\users\paolo grignaffini\documents\visual studio 2015\projects\create_marker\create_marker\x64\debug\function.obj
c:\users\paolo grignaffini\documents\visual studio 2015\projects\create_marker\create_marker\x64\debug\create_markers.obj
c:\users\paolo grignaffini\documents\visual studio 2015\projects\create_marker\create_marker\x64\debug\break.obj
c:\users\paolo grignaffini\documents\visual studio 2015\projects\create_marker\create_marker\x64\debug\bracket.obj
c:\users\paolo grignaffini\documents\visual studio 2015\projects\create_marker\create_marker\x64\debug\board.obj
c:\users\paolo grignaffini\documents\visual studio 2015\projects\create_marker\create_marker\x64\debug\blockdetector.obj
c:\users\paolo grignaffini\documents\visual studio 2015\projects\create_marker\create_marker\x64\debug\block.obj
c:\users\paolo grignaffini\documents\visual studio 2015\projects\create_marker\x64\debug\blockdetection.exe
c:\users\paolo grignaffini\documents\visual studio 2015\projects\create_marker\x64\debug\blockdetection.ilk
c:\users\paolo grignaffini\documents\visual studio 2015\projects\create_marker\x64\debug\blockdetection.pdb
c:\users\paolo grignaffini\documents\visual studio 2015\projects\create_marker\create_marker\x64\debug\variable.new.obj.enc
c:\users\paolo grignaffini\documents\visual studio 2015\projects\create_marker\create_marker\x64\debug\blockdetection.tlog\cl.command.1.tlog
c:\users\paolo grignaffini\documents\visual studio 2015\projects\create_marker\create_marker\x64\debug\blockdetection.tlog\cl.read.1.tlog
c:\users\paolo grignaffini\documents\visual studio 2015\projects\create_marker\create_marker\x64\debug\blockdetection.tlog\cl.write.1.tlog
c:\users\paolo grignaffini\documents\visual studio 2015\projects\create_marker\create_marker\x64\debug\blockdetection.tlog\link.command.1.tlog
c:\users\paolo grignaffini\documents\visual studio 2015\projects\create_marker\create_marker\x64\debug\blockdetection.tlog\link.read.1.tlog
c:\users\paolo grignaffini\documents\visual studio 2015\projects\create_marker\create_marker\x64\debug\blockdetection.tlog\link.write.1.tlog
